0 info it worked if it ends with ok
1 verbose cli [ 'node', '/usr/local/bin/npm', 'install', 'adm', '--save' ]
2 info using npm@1.4.14
3 info using node@v0.10.29
4 warn package.json gadm_scrapper@0.0.0 No repository field.
5 warn package.json gadm_scrapper@0.0.0 No README data
6 verbose readDependencies using package.json deps
7 verbose cache add [ 'adm', null ]
8 verbose cache add name=undefined spec="adm" args=["adm",null]
9 verbose parsed url { protocol: null,
9 verbose parsed url   slashes: null,
9 verbose parsed url   auth: null,
9 verbose parsed url   host: null,
9 verbose parsed url   port: null,
9 verbose parsed url   hostname: null,
9 verbose parsed url   hash: null,
9 verbose parsed url   search: null,
9 verbose parsed url   query: null,
9 verbose parsed url   pathname: 'adm',
9 verbose parsed url   path: 'adm',
9 verbose parsed url   href: 'adm' }
10 silly lockFile 42ef63e7-adm adm
11 verbose lock adm /Users/lporras/.npm/42ef63e7-adm.lock
12 silly lockFile 42ef63e7-adm adm
13 silly lockFile 42ef63e7-adm adm
14 verbose addNamed [ 'adm', '' ]
15 verbose addNamed [ null, '*' ]
16 silly lockFile 9759dc2d-adm adm@
17 verbose lock adm@ /Users/lporras/.npm/9759dc2d-adm.lock
18 silly addNameRange { name: 'adm', range: '*', hasData: false }
19 verbose url raw adm
20 verbose url resolving [ 'https://registry.npmjs.org/', './adm' ]
21 verbose url resolved https://registry.npmjs.org/adm
22 info trying registry request attempt 1 at 19:03:01
23 http GET https://registry.npmjs.org/adm
24 http 404 https://registry.npmjs.org/adm
25 verbose headers { date: 'Mon, 04 Aug 2014 23:02:55 GMT',
25 verbose headers   server: 'CouchDB/1.5.0 (Erlang OTP/R16B03)',
25 verbose headers   'content-type': 'application/json',
25 verbose headers   'cache-control': 'max-age=0',
25 verbose headers   'content-length': '52',
25 verbose headers   'accept-ranges': 'bytes',
25 verbose headers   via: '1.1 varnish',
25 verbose headers   age: '0',
25 verbose headers   'x-served-by': 'cache-iad2134-IAD',
25 verbose headers   'x-cache': 'MISS',
25 verbose headers   'x-cache-hits': '0',
25 verbose headers   'x-timer': 'S1407193375.685816,VS0,VE103',
25 verbose headers   'keep-alive': 'timeout=10, max=50',
25 verbose headers   connection: 'Keep-Alive' }
26 silly registry.get cb [ 404,
26 silly registry.get   { date: 'Mon, 04 Aug 2014 23:02:55 GMT',
26 silly registry.get     server: 'CouchDB/1.5.0 (Erlang OTP/R16B03)',
26 silly registry.get     'content-type': 'application/json',
26 silly registry.get     'cache-control': 'max-age=0',
26 silly registry.get     'content-length': '52',
26 silly registry.get     'accept-ranges': 'bytes',
26 silly registry.get     via: '1.1 varnish',
26 silly registry.get     age: '0',
26 silly registry.get     'x-served-by': 'cache-iad2134-IAD',
26 silly registry.get     'x-cache': 'MISS',
26 silly registry.get     'x-cache-hits': '0',
26 silly registry.get     'x-timer': 'S1407193375.685816,VS0,VE103',
26 silly registry.get     'keep-alive': 'timeout=10, max=50',
26 silly registry.get     connection: 'Keep-Alive' } ]
27 silly lockFile 9759dc2d-adm adm@
28 silly lockFile 9759dc2d-adm adm@
29 error 404 404 Not Found: adm
29 error 404
29 error 404 'adm' is not in the npm registry.
29 error 404 You should bug the author to publish it
29 error 404 It was specified as a dependency of 'gadm_scrapper'
29 error 404
29 error 404 Note that you can also install from a
29 error 404 tarball, folder, or http url, or git url.
30 error System Darwin 13.3.0
31 error command "node" "/usr/local/bin/npm" "install" "adm" "--save"
32 error cwd /Users/lporras/apps/gadm_scrapper
33 error node -v v0.10.29
34 error npm -v 1.4.14
35 error code E404
36 verbose exit [ 1, true ]
